2020/2/11 下午 02:11:47 >> SQL Connect Successful
2020/2/11 下午 02:11:47 >> ModBus_M-連接ModBus成功
2020/2/11 下午 02:11:47 >> Serailport-開啟ComPort [COM3] 成功
2020/2/11 下午 02:11:47 >> ModBus_S-連接ModBus成功
2020/2/11 下午 02:12:00 >> SQL Connect Successful
2020/2/11 下午 02:12:00 >> ModBus_M-連接ModBus成功
2020/2/11 下午 02:12:00 >> Serailport-開啟ComPort [COM3] 成功
2020/2/11 下午 02:12:00 >> ModBus_S-連接ModBus成功
2020/2/11 下午 02:12:10 >> Create Declare File Successful
2020/2/11 下午 02:12:16 >> Serailport-關閉ComPort 成功
2020/2/11 下午 02:17:30 >> SQL Connect Successful
2020/2/11 下午 02:17:30 >> ModBus_M-連接ModBus成功
2020/2/11 下午 02:17:30 >> Serailport-開啟ComPort [COM3] 成功
2020/2/11 下午 02:17:30 >> ModBus_S-連接ModBus成功
2020/2/11 下午 02:17:41 >> Create Declare File Successful
2020/2/11 下午 02:17:42 >> Serailport-關閉ComPort 成功
2020/2/11 下午 02:18:53 >> SQL Connect Successful
2020/2/11 下午 02:18:53 >> ModBus_M-連接ModBus成功
2020/2/11 下午 02:18:53 >> Serailport-開啟ComPort [COM3] 成功
2020/2/11 下午 02:18:53 >> ModBus_S-連接ModBus成功
2020/2/11 下午 02:20:18 >> SQL Connect Successful
2020/2/11 下午 02:20:18 >> ModBus_M-連接ModBus成功
2020/2/11 下午 02:20:18 >> Serailport-開啟ComPort [COM3] 成功
2020/2/11 下午 02:20:18 >> ModBus_S-連接ModBus成功
2020/2/11 下午 02:20:28 >> Create Declare File Successful
2020/2/11 下午 02:21:12 >> SQL Connect Successful
2020/2/11 下午 02:21:13 >> ModBus_M-連接ModBus成功
2020/2/11 下午 02:21:13 >> Serailport-開啟ComPort [COM3] 成功
2020/2/11 下午 02:21:13 >> ModBus_S-連接ModBus成功
2020/2/11 下午 02:21:23 >> Create Declare File Successful
2020/2/11 下午 02:28:37 >> SQL Connect Successful
2020/2/11 下午 02:28:37 >> ModBus_M-連接ModBus成功
2020/2/11 下午 02:28:37 >> Serailport-開啟ComPort [COM3] 成功
2020/2/11 下午 02:28:37 >> ModBus_S-連接ModBus成功
2020/2/11 下午 02:28:47 >> Create Declare File Successful
2020/2/11 下午 02:28:56 >> SQL Connect Successful
2020/2/11 下午 02:28:56 >> ModBus_M-連接ModBus成功
2020/2/11 下午 02:28:56 >> Serailport-開啟ComPort [COM3] 成功
2020/2/11 下午 02:28:56 >> ModBus_S-連接ModBus成功
2020/2/11 下午 02:29:06 >> Create Declare File Successful
2020/2/11 下午 02:34:05 >> SQL Connect Successful
2020/2/11 下午 02:34:05 >> ModBus_M-連接ModBus成功
2020/2/11 下午 02:34:05 >> Serailport-開啟ComPort [COM3] 成功
2020/2/11 下午 02:34:05 >> ModBus_S-連接ModBus成功
2020/2/11 下午 02:37:18 >> SQL Connect Successful
2020/2/11 下午 02:37:18 >> ModBus_M-連接ModBus成功
2020/2/11 下午 02:37:18 >> Serailport-開啟ComPort [COM3] 成功
2020/2/11 下午 02:37:18 >> ModBus_S-連接ModBus成功
2020/2/11 下午 02:37:34 >> Create Declare File Successful
2020/2/11 下午 02:42:21 >> SQL Connect Successful
2020/2/11 下午 02:42:21 >> ModBus_M-連接ModBus成功
2020/2/11 下午 02:42:21 >> Serailport-開啟ComPort [COM3] 成功
2020/2/11 下午 02:42:21 >> ModBus_S-連接ModBus成功
2020/2/11 下午 02:42:31 >> Create Declare File Successful
2020/2/11 下午 02:43:01 >> ModBus_M-連接ModBus成功
