2020/2/12 下午 01:44:41 >> SQL Connect Successful
2020/2/12 下午 01:44:41 >> ModBus_M-連接ModBus成功
2020/2/12 下午 01:44:41 >> Serailport-開啟ComPort [COM3] 成功
2020/2/12 下午 01:44:41 >> ModBus_S-連接ModBus成功
2020/2/12 下午 01:44:41 >> Serailport-開啟ComPort [COM7] 成功
2020/2/12 下午 01:44:52 >> SQL Connect Successful
2020/2/12 下午 01:44:52 >> ModBus_M-連接ModBus成功
2020/2/12 下午 01:44:52 >> Serailport-開啟ComPort [COM3] 成功
2020/2/12 下午 01:44:52 >> ModBus_S-連接ModBus成功
2020/2/12 下午 01:44:52 >> Serailport-開啟ComPort [COM7] 成功
2020/2/12 下午 01:45:02 >> Create Declare File Successful
2020/2/12 下午 01:47:16 >> SQL Connect Successful
2020/2/12 下午 01:47:16 >> ModBus_M-連接ModBus成功
2020/2/12 下午 01:47:16 >> Serailport-開啟ComPort [COM3] 成功
2020/2/12 下午 01:47:16 >> ModBus_S-連接ModBus成功
2020/2/12 下午 01:47:16 >> Serailport-開啟ComPort [COM7] 成功
2020/2/12 下午 01:47:27 >> Create Declare File Successful
2020/2/12 下午 01:48:55 >> SQL Connect Successful
2020/2/12 下午 01:48:55 >> ModBus_M-連接ModBus成功
2020/2/12 下午 01:48:55 >> Serailport-開啟ComPort [COM3] 成功
2020/2/12 下午 01:48:55 >> ModBus_S-連接ModBus成功
2020/2/12 下午 01:48:55 >> Serailport-開啟ComPort [COM7] 成功
2020/2/12 下午 01:53:32 >> SQL Connect Successful
2020/2/12 下午 01:53:32 >> ModBus_M-連接ModBus成功
2020/2/12 下午 01:53:32 >> Serailport-開啟ComPort [COM3] 成功
2020/2/12 下午 01:53:32 >> ModBus_S-連接ModBus成功
2020/2/12 下午 01:53:32 >> Serailport-開啟ComPort [COM7] 成功
2020/2/12 下午 01:53:49 >> Create Declare File Successful
2020/2/12 下午 01:54:21 >> SQL Connect Successful
2020/2/12 下午 01:54:21 >> ModBus_M-連接ModBus成功
2020/2/12 下午 01:54:21 >> Serailport-開啟ComPort [COM3] 成功
2020/2/12 下午 01:54:21 >> ModBus_S-連接ModBus成功
2020/2/12 下午 01:54:21 >> Serailport-開啟ComPort [COM7] 成功
2020/2/12 下午 01:54:31 >> Create Declare File Successful
