2020/1/3 上午 11:13:58 >> ModBus_M-連接ModBus成功
2020/1/3 上午 11:13:58 >> Serailport-開啟ComPort [COM3] 成功
2020/1/3 上午 11:13:58 >> ModBus_S-連接ModBus成功
2020/1/3 上午 11:13:58 >> Serailport-開啟ComPort [COM7] 成功
2020/1/3 上午 11:14:54 >> ModBus_M-連接ModBus成功
2020/1/3 上午 11:14:54 >> Serailport-開啟ComPort [COM3] 成功
2020/1/3 上午 11:14:54 >> ModBus_S-連接ModBus成功
2020/1/3 上午 11:14:54 >> Serailport-開啟ComPort [COM7] 成功
2020/1/3 上午 11:17:44 >> ModBus_M-連接ModBus成功
2020/1/3 上午 11:17:44 >> Serailport-開啟ComPort [COM3] 成功
2020/1/3 上午 11:17:44 >> ModBus_S-連接ModBus成功
2020/1/3 上午 11:17:44 >> Serailport-開啟ComPort [COM7] 成功
2020/1/3 上午 11:21:04 >> ModBus_M-連接ModBus成功
2020/1/3 上午 11:21:04 >> Serailport-開啟ComPort [COM3] 成功
2020/1/3 上午 11:21:04 >> ModBus_S-連接ModBus成功
2020/1/3 上午 11:21:04 >> Serailport-開啟ComPort [COM7] 成功
2020/1/3 上午 11:21:16 >> Serailport-關閉ComPort 成功
2020/1/3 上午 11:21:16 >> Serailport-關閉ComPort 成功
2020/1/3 上午 11:23:18 >> ModBus_M-連接ModBus成功
2020/1/3 上午 11:23:18 >> Serailport-開啟ComPort [COM3] 成功
2020/1/3 上午 11:23:18 >> ModBus_S-連接ModBus成功
2020/1/3 上午 11:23:18 >> Serailport-開啟ComPort [COM7] 成功
2020/1/3 上午 11:23:30 >> Serailport-關閉ComPort 成功
2020/1/3 上午 11:23:30 >> Serailport-關閉ComPort 成功
2020/1/3 上午 11:27:15 >> SQL Connect Successful
2020/1/3 上午 11:27:45 >> SQL Connect Successful
2020/1/3 上午 11:28:09 >> SQL Connect Successful
2020/1/3 下午 01:56:27 >> SQL Connect Successful
2020/1/3 下午 01:58:38 >> SQL Connect Successful
2020/1/3 下午 01:58:41 >> ModBus_M-連接ModBus成功
2020/1/3 下午 01:58:41 >> Serailport-開啟ComPort [COM3] 成功
2020/1/3 下午 01:58:41 >> ModBus_S-連接ModBus成功
2020/1/3 下午 01:58:41 >> Serailport-開啟ComPort [COM7] 成功
2020/1/3 下午 01:59:21 >> ModBus_M-連接ModBus成功
2020/1/3 下午 01:59:51 >> ModBus_M-連接ModBus成功
2020/1/3 下午 02:00:46 >> ModBus_M-連接ModBus成功
2020/1/3 下午 02:02:20 >> SQL Connect Successful
2020/1/3 下午 02:02:20 >> ModBus_M-連接ModBus成功
2020/1/3 下午 02:02:20 >> Serailport-開啟ComPort [COM3] 成功
2020/1/3 下午 02:02:20 >> ModBus_S-連接ModBus成功
2020/1/3 下午 02:02:20 >> Serailport-開啟ComPort [COM7] 成功
2020/1/3 下午 02:03:01 >> ModBus_M-連接ModBus成功
2020/1/3 下午 02:03:31 >> ModBus_M-連接ModBus成功
2020/1/3 下午 02:04:01 >> ModBus_M-連接ModBus成功
2020/1/3 下午 02:04:31 >> ModBus_M-連接ModBus成功
2020/1/3 下午 02:05:30 >> SQL Connect Successful
2020/1/3 下午 02:05:30 >> ModBus_M-連接ModBus成功
2020/1/3 下午 02:05:30 >> Serailport-開啟ComPort [COM3] 成功
2020/1/3 下午 02:05:30 >> ModBus_S-連接ModBus成功
2020/1/3 下午 02:05:30 >> Serailport-開啟ComPort [COM7] 成功
2020/1/3 下午 02:06:11 >> ModBus_M-連接ModBus成功
2020/1/3 下午 02:06:41 >> ModBus_M-連接ModBus成功
2020/1/3 下午 02:06:55 >> Process CPDC insert.
2020/1/3 下午 02:07:11 >> ModBus_M-連接ModBus成功
2020/1/3 下午 02:07:41 >> ModBus_M-連接ModBus成功
2020/1/3 下午 02:07:51 >> Process CPDC insert.
2020/1/3 下午 02:23:21 >> SQL Connect Successful
2020/1/3 下午 02:23:21 >> ModBus_M-連接ModBus成功
2020/1/3 下午 02:23:21 >> Serailport-開啟ComPort [COM3] 成功
2020/1/3 下午 02:23:21 >> ModBus_S-連接ModBus成功
2020/1/3 下午 02:23:21 >> Serailport-開啟ComPort [COM7] 成功
2020/1/3 下午 02:25:24 >> SQL Connect Successful
2020/1/3 下午 02:25:24 >> ModBus_M-連接ModBus成功
2020/1/3 下午 02:25:24 >> Serailport-開啟ComPort [COM3] 成功
2020/1/3 下午 02:25:24 >> ModBus_S-連接ModBus成功
2020/1/3 下午 02:25:24 >> Serailport-開啟ComPort [COM7] 成功
2020/1/3 下午 02:25:57 >> SQL Connect Successful
2020/1/3 下午 02:25:57 >> ModBus_M-連接ModBus成功
2020/1/3 下午 02:25:57 >> Serailport-開啟ComPort [COM3] 成功
2020/1/3 下午 02:25:57 >> ModBus_S-連接ModBus成功
2020/1/3 下午 02:25:57 >> Serailport-開啟ComPort [COM7] 成功
2020/1/3 下午 02:26:37 >> ModBus_M-連接ModBus成功
2020/1/3 下午 02:26:58 >> SQL Connect Successful
2020/1/3 下午 02:26:58 >> ModBus_M-連接ModBus成功
2020/1/3 下午 02:26:58 >> Serailport-開啟ComPort [COM3] 成功
2020/1/3 下午 02:26:58 >> ModBus_S-連接ModBus成功
2020/1/3 下午 02:26:58 >> Serailport-開啟ComPort [COM7] 成功
2020/1/3 下午 02:27:39 >> ModBus_M-連接ModBus成功
2020/1/3 下午 02:28:09 >> ModBus_M-連接ModBus成功
2020/1/3 下午 02:28:19 >> Process CPDC insert.
2020/1/3 下午 02:29:02 >> SQL Connect Successful
2020/1/3 下午 02:29:02 >> ModBus_M-連接ModBus成功
2020/1/3 下午 02:29:02 >> Serailport-開啟ComPort [COM3] 成功
2020/1/3 下午 02:29:02 >> ModBus_S-連接ModBus成功
2020/1/3 下午 02:29:02 >> Serailport-開啟ComPort [COM7] 成功
2020/1/3 下午 02:30:06 >> SQL Connect Successful
2020/1/3 下午 02:30:06 >> ModBus_M-連接ModBus成功
2020/1/3 下午 02:30:06 >> Serailport-開啟ComPort [COM3] 成功
2020/1/3 下午 02:30:06 >> ModBus_S-連接ModBus成功
2020/1/3 下午 02:30:06 >> Serailport-開啟ComPort [COM7] 成功
2020/1/3 下午 02:53:53 >> SQL Connect Successful
2020/1/3 下午 02:53:53 >> ModBus_M-連接ModBus成功
2020/1/3 下午 02:53:53 >> Serailport-開啟ComPort [COM3] 成功
2020/1/3 下午 02:53:53 >> ModBus_S-連接ModBus成功
2020/1/3 下午 02:53:53 >> Serailport-開啟ComPort [COM7] 成功
2020/1/3 下午 02:54:54 >> SQL Connect Successful
2020/1/3 下午 02:54:54 >> ModBus_M-連接ModBus成功
2020/1/3 下午 02:54:54 >> Serailport-開啟ComPort [COM3] 成功
2020/1/3 下午 02:54:54 >> ModBus_S-連接ModBus成功
2020/1/3 下午 02:54:54 >> Serailport-開啟ComPort [COM7] 成功
2020/1/3 下午 02:55:34 >> ModBus_M-連接ModBus成功
2020/1/3 下午 02:55:58 >> SQL Connect Successful
2020/1/3 下午 02:55:58 >> ModBus_M-連接ModBus成功
2020/1/3 下午 02:55:58 >> Serailport-開啟ComPort [COM3] 成功
2020/1/3 下午 02:55:58 >> ModBus_S-連接ModBus成功
2020/1/3 下午 02:55:58 >> Serailport-開啟ComPort [COM7] 成功
2020/1/3 下午 03:00:50 >> SQL Connect Successful
2020/1/3 下午 03:00:50 >> ModBus_M-連接ModBus成功
2020/1/3 下午 03:00:50 >> Serailport-開啟ComPort [COM3] 成功
2020/1/3 下午 03:00:50 >> ModBus_S-連接ModBus成功
2020/1/3 下午 03:00:50 >> Serailport-開啟ComPort [COM7] 成功
2020/1/3 下午 03:01:40 >> SQL Connect Successful
2020/1/3 下午 03:01:40 >> ModBus_M-連接ModBus成功
2020/1/3 下午 03:01:40 >> Serailport-開啟ComPort [COM3] 成功
2020/1/3 下午 03:01:40 >> ModBus_S-連接ModBus成功
2020/1/3 下午 03:01:40 >> Serailport-開啟ComPort [COM7] 成功
2020/1/3 下午 03:02:10 >> Serailport-關閉ComPort 成功
2020/1/3 下午 03:02:10 >> Serailport-關閉ComPort 成功
2020/1/3 下午 03:17:54 >> SQL Connect Successful
2020/1/3 下午 03:17:54 >> ModBus_M-連接ModBus成功
2020/1/3 下午 03:17:54 >> Serailport-開啟ComPort [COM3] 成功
2020/1/3 下午 03:17:54 >> ModBus_S-連接ModBus成功
2020/1/3 下午 03:17:54 >> Serailport-開啟ComPort [COM7] 成功
2020/1/3 下午 03:18:20 >> Serailport-關閉ComPort 成功
2020/1/3 下午 03:18:20 >> Serailport-關閉ComPort 成功
2020/1/3 下午 03:26:55 >> SQL Connect Successful
2020/1/3 下午 03:26:55 >> ModBus_M-連接ModBus成功
2020/1/3 下午 03:26:55 >> Serailport-開啟ComPort [COM3] 成功
2020/1/3 下午 03:26:55 >> ModBus_S-連接ModBus成功
2020/1/3 下午 03:26:55 >> Serailport-開啟ComPort [COM7] 成功
2020/1/3 下午 03:27:07 >> Serailport-關閉ComPort 成功
2020/1/3 下午 03:27:07 >> Serailport-關閉ComPort 成功
2020/1/3 下午 03:28:22 >> SQL Connect Successful
2020/1/3 下午 03:28:22 >> ModBus_M-連接ModBus成功
2020/1/3 下午 03:28:22 >> Serailport-開啟ComPort [COM3] 成功
2020/1/3 下午 03:28:22 >> ModBus_S-連接ModBus成功
2020/1/3 下午 03:28:22 >> Serailport-開啟ComPort [COM7] 成功
2020/1/3 下午 03:28:38 >> Serailport-關閉ComPort 成功
2020/1/3 下午 03:28:38 >> Serailport-關閉ComPort 成功
2020/1/3 下午 03:32:21 >> SQL Connect Successful
2020/1/3 下午 03:32:21 >> ModBus_M-連接ModBus成功
2020/1/3 下午 03:32:21 >> Serailport-開啟ComPort [COM3] 成功
2020/1/3 下午 03:32:21 >> ModBus_S-連接ModBus成功
2020/1/3 下午 03:32:21 >> Serailport-開啟ComPort [COM7] 成功
2020/1/3 下午 03:32:41 >> Serailport-關閉ComPort 成功
2020/1/3 下午 03:32:41 >> Serailport-關閉ComPort 成功
2020/1/3 下午 03:33:24 >> SQL Connect Successful
2020/1/3 下午 03:33:24 >> ModBus_M-連接ModBus成功
2020/1/3 下午 03:33:24 >> Serailport-開啟ComPort [COM3] 成功
2020/1/3 下午 03:33:24 >> ModBus_S-連接ModBus成功
2020/1/3 下午 03:33:24 >> Serailport-開啟ComPort [COM7] 成功
2020/1/3 下午 03:33:31 >> SQL Connect Successful
2020/1/3 下午 03:34:04 >> ModBus_M-連接ModBus成功
2020/1/3 下午 03:34:34 >> ModBus_M-連接ModBus成功
2020/1/3 下午 03:34:44 >> Process CPDC insert.
2020/1/3 下午 03:35:04 >> ModBus_M-連接ModBus成功
2020/1/3 下午 03:35:34 >> ModBus_M-連接ModBus成功
2020/1/3 下午 03:35:44 >> Process CPDC insert.
2020/1/3 下午 03:35:46 >> Serailport-關閉ComPort 成功
2020/1/3 下午 03:35:46 >> Serailport-關閉ComPort 成功
2020/1/3 下午 03:36:10 >> SQL Connect Successful
2020/1/3 下午 03:36:10 >> ModBus_M-連接ModBus成功
2020/1/3 下午 03:36:10 >> Serailport-開啟ComPort [COM3] 成功
2020/1/3 下午 03:36:10 >> ModBus_S-連接ModBus成功
2020/1/3 下午 03:36:10 >> Serailport-開啟ComPort [COM7] 成功
2020/1/3 下午 03:36:16 >> SQL Connect Successful
2020/1/3 下午 03:36:50 >> ModBus_M-連接ModBus成功
2020/1/3 下午 03:37:20 >> ModBus_M-連接ModBus成功
2020/1/3 下午 03:37:30 >> Process CPDC insert.
2020/1/3 下午 03:37:30 >> Serailport-關閉ComPort 成功
2020/1/3 下午 03:37:30 >> Serailport-關閉ComPort 成功
2020/1/3 下午 05:14:53 >> SQL Connect Successful
2020/1/3 下午 05:14:53 >> ModBus_M-連接ModBus成功
2020/1/3 下午 05:14:53 >> Serailport-開啟ComPort [COM3] 成功
2020/1/3 下午 05:14:53 >> ModBus_S-連接ModBus成功
2020/1/3 下午 05:14:53 >> Serailport-開啟ComPort [COM7] 成功
2020/1/3 下午 05:17:38 >> SQL Connect Successful
2020/1/3 下午 05:17:38 >> ModBus_M-連接ModBus成功
2020/1/3 下午 05:17:38 >> Serailport-開啟ComPort [COM3] 成功
2020/1/3 下午 05:17:39 >> ModBus_S-連接ModBus成功
2020/1/3 下午 05:17:39 >> Serailport-開啟ComPort [COM7] 成功
2020/1/3 下午 05:17:52 >> Create Declare File Successful
2020/1/3 下午 05:24:29 >> SQL Connect Successful
2020/1/3 下午 05:24:29 >> ModBus_M-連接ModBus成功
2020/1/3 下午 05:24:30 >> Serailport-開啟ComPort [COM3] 成功
2020/1/3 下午 05:24:30 >> ModBus_S-連接ModBus成功
2020/1/3 下午 05:24:30 >> Serailport-開啟ComPort [COM7] 成功
2020/1/3 下午 05:24:54 >> Serailport-關閉ComPort 成功
2020/1/3 下午 05:24:54 >> Serailport-關閉ComPort 成功
2020/1/3 下午 08:30:00 >> SQL Connect Successful
2020/1/3 下午 08:30:00 >> ModBus_M-連接ModBus成功
2020/1/3 下午 08:30:00 >> Serailport-開啟ComPort [COM3] 成功
2020/1/3 下午 08:30:00 >> ModBus_S-連接ModBus成功
2020/1/3 下午 08:30:11 >> Create Declare File Successful
2020/1/3 下午 08:30:41 >> ModBus_M-連接ModBus成功
2020/1/3 下午 08:30:52 >> Serailport-關閉ComPort 成功
