2020/1/3 下午 02:25:57 >> GC-讀取檔案 失敗
2020/1/3 下午 02:25:57 >> GC-讀取檔案 失敗
2020/1/3 下午 02:26:07 >> ModBus_M-接收數值 錯誤 失敗
2020/1/3 下午 02:26:07 >> 該時段無資料
2020/1/3 下午 02:26:12 >> GC-讀取檔案 失敗
2020/1/3 下午 02:26:12 >> GC-讀取檔案 失敗
2020/1/3 下午 02:26:17 >> GC-讀取檔案 失敗
2020/1/3 下午 02:26:17 >> GC-讀取檔案 失敗
2020/1/3 下午 02:26:22 >> GC-讀取檔案 失敗
2020/1/3 下午 02:26:22 >> GC-讀取檔案 失敗
2020/1/3 下午 02:26:27 >> GC-讀取檔案 失敗
2020/1/3 下午 02:26:27 >> GC-讀取檔案 失敗
2020/1/3 下午 02:26:32 >> GC-讀取檔案 失敗
2020/1/3 下午 02:26:32 >> GC-讀取檔案 失敗
2020/1/3 下午 02:26:37 >> GC-讀取檔案 失敗
2020/1/3 下午 02:26:37 >> GC-讀取檔案 失敗
2020/1/3 下午 02:26:58 >> GC-讀取檔案 失敗
2020/1/3 下午 02:26:58 >> GC-讀取檔案 失敗
2020/1/3 下午 02:27:08 >> ModBus_M-接收數值 錯誤 失敗
2020/1/3 下午 02:27:09 >> 該時段無資料
2020/1/3 下午 02:27:14 >> GC-讀取檔案 失敗
2020/1/3 下午 02:27:14 >> GC-讀取檔案 失敗
2020/1/3 下午 02:27:19 >> GC-讀取檔案 失敗
2020/1/3 下午 02:27:19 >> GC-讀取檔案 失敗
2020/1/3 下午 02:27:24 >> GC-讀取檔案 失敗
2020/1/3 下午 02:27:24 >> GC-讀取檔案 失敗
2020/1/3 下午 02:27:29 >> GC-讀取檔案 失敗
2020/1/3 下午 02:27:29 >> GC-讀取檔案 失敗
2020/1/3 下午 02:27:34 >> GC-讀取檔案 失敗
2020/1/3 下午 02:27:34 >> GC-讀取檔案 失敗
2020/1/3 下午 02:27:39 >> GC-讀取檔案 失敗
2020/1/3 下午 02:27:39 >> GC-讀取檔案 失敗
2020/1/3 下午 02:27:49 >> ModBus_M-接收數值 錯誤 失敗
2020/1/3 下午 02:27:49 >> GC-讀取檔案 失敗
2020/1/3 下午 02:27:49 >> GC-讀取檔案 失敗
2020/1/3 下午 02:27:49 >> GC-讀取檔案 失敗
2020/1/3 下午 02:27:49 >> GC-讀取檔案 失敗
2020/1/3 下午 02:27:54 >> GC-讀取檔案 失敗
2020/1/3 下午 02:27:54 >> GC-讀取檔案 失敗
2020/1/3 下午 02:27:59 >> GC-讀取檔案 失敗
2020/1/3 下午 02:27:59 >> GC-讀取檔案 失敗
2020/1/3 下午 02:28:04 >> GC-讀取檔案 失敗
2020/1/3 下午 02:28:04 >> GC-讀取檔案 失敗
2020/1/3 下午 02:28:09 >> GC-讀取檔案 失敗
2020/1/3 下午 02:28:09 >> GC-讀取檔案 失敗
2020/1/3 下午 02:28:19 >> ModBus_M-接收數值 錯誤 失敗
2020/1/3 下午 02:28:19 >> GC-讀取檔案 失敗
2020/1/3 下午 02:28:19 >> GC-讀取檔案 失敗
2020/1/3 下午 02:28:19 >> GC-讀取檔案 失敗
2020/1/3 下午 02:28:19 >> GC-讀取檔案 失敗
2020/1/3 下午 02:29:02 >> GC-讀取檔案 失敗
2020/1/3 下午 02:29:02 >> GC-讀取檔案 失敗
2020/1/3 下午 02:29:12 >> ModBus_M-接收數值 錯誤 失敗
2020/1/3 下午 02:29:20 >> GC-讀取檔案 失敗
2020/1/3 下午 02:29:20 >> GC-讀取檔案 失敗
2020/1/3 下午 02:30:06 >> GC-讀取檔案 失敗
2020/1/3 下午 02:30:06 >> GC-讀取檔案 失敗
2020/1/3 下午 02:30:16 >> ModBus_M-接收數值 錯誤 失敗
2020/1/3 下午 02:53:53 >> GC-讀取檔案 失敗
2020/1/3 下午 02:53:53 >> GC-讀取檔案 失敗
2020/1/3 下午 02:54:03 >> ModBus_M-接收數值 錯誤 失敗
2020/1/3 下午 02:54:11 >> GC-讀取檔案 失敗
2020/1/3 下午 02:54:11 >> GC-讀取檔案 失敗
2020/1/3 下午 02:54:16 >> GC-讀取檔案 失敗
2020/1/3 下午 02:54:16 >> GC-讀取檔案 失敗
2020/1/3 下午 02:54:54 >> GC-讀取檔案 失敗
2020/1/3 下午 02:54:54 >> GC-讀取檔案 失敗
2020/1/3 下午 02:55:04 >> ModBus_M-接收數值 錯誤 失敗
2020/1/3 下午 02:55:09 >> GC-讀取檔案 失敗
2020/1/3 下午 02:55:09 >> GC-讀取檔案 失敗
2020/1/3 下午 02:55:14 >> GC-讀取檔案 失敗
2020/1/3 下午 02:55:14 >> GC-讀取檔案 失敗
2020/1/3 下午 02:55:19 >> GC-讀取檔案 失敗
2020/1/3 下午 02:55:19 >> GC-讀取檔案 失敗
2020/1/3 下午 02:55:24 >> GC-讀取檔案 失敗
2020/1/3 下午 02:55:24 >> GC-讀取檔案 失敗
2020/1/3 下午 02:55:29 >> GC-讀取檔案 失敗
2020/1/3 下午 02:55:29 >> GC-讀取檔案 失敗
2020/1/3 下午 02:55:34 >> GC-讀取檔案 失敗
2020/1/3 下午 02:55:34 >> GC-讀取檔案 失敗
2020/1/3 下午 02:55:58 >> GC-讀取檔案 失敗
2020/1/3 下午 02:55:58 >> GC-讀取檔案 失敗
2020/1/3 下午 02:56:08 >> ModBus_M-接收數值 錯誤 失敗
2020/1/3 下午 02:56:13 >> GC-讀取檔案 失敗
2020/1/3 下午 02:56:13 >> GC-讀取檔案 失敗
2020/1/3 下午 02:56:18 >> GC-讀取檔案 失敗
2020/1/3 下午 02:56:18 >> GC-讀取檔案 失敗
2020/1/3 下午 02:56:23 >> GC-讀取檔案 失敗
2020/1/3 下午 02:56:23 >> GC-讀取檔案 失敗
2020/1/3 下午 03:00:50 >> GC-讀取檔案 失敗
2020/1/3 下午 03:00:50 >> GC-讀取檔案 失敗
2020/1/3 下午 03:01:01 >> ModBus_M-接收數值 錯誤 失敗
2020/1/3 下午 03:01:06 >> GC-讀取檔案 失敗
2020/1/3 下午 03:01:06 >> GC-讀取檔案 失敗
2020/1/3 下午 03:01:11 >> GC-讀取檔案 失敗
2020/1/3 下午 03:01:11 >> GC-讀取檔案 失敗
2020/1/3 下午 03:01:40 >> GC-讀取檔案 失敗
2020/1/3 下午 03:01:40 >> GC-讀取檔案 失敗
2020/1/3 下午 03:01:50 >> ModBus_M-接收數值 錯誤 失敗
2020/1/3 下午 03:01:55 >> GC-讀取檔案 失敗
2020/1/3 下午 03:01:55 >> GC-讀取檔案 失敗
2020/1/3 下午 03:02:00 >> GC-讀取檔案 失敗
2020/1/3 下午 03:02:00 >> GC-讀取檔案 失敗
2020/1/3 下午 03:02:05 >> GC-讀取檔案 失敗
2020/1/3 下午 03:02:05 >> GC-讀取檔案 失敗
2020/1/3 下午 03:02:10 >> GC-讀取檔案 失敗
2020/1/3 下午 03:02:10 >> GC-讀取檔案 失敗
2020/1/3 下午 03:17:54 >> GC-讀取檔案 失敗
2020/1/3 下午 03:17:54 >> GC-讀取檔案 失敗
2020/1/3 下午 03:18:04 >> ModBus_M-接收數值 錯誤 失敗
2020/1/3 下午 03:18:09 >> GC-讀取檔案 失敗
2020/1/3 下午 03:18:09 >> GC-讀取檔案 失敗
2020/1/3 下午 03:18:14 >> GC-讀取檔案 失敗
2020/1/3 下午 03:18:14 >> GC-讀取檔案 失敗
2020/1/3 下午 03:18:19 >> GC-讀取檔案 失敗
2020/1/3 下午 03:18:19 >> GC-讀取檔案 失敗
2020/1/3 下午 03:26:55 >> GC-讀取檔案 失敗
2020/1/3 下午 03:26:55 >> GC-讀取檔案 失敗
2020/1/3 下午 03:27:05 >> ModBus_M-接收數值 錯誤 失敗
2020/1/3 下午 03:28:22 >> GC-讀取檔案 失敗
2020/1/3 下午 03:28:22 >> GC-讀取檔案 失敗
2020/1/3 下午 03:28:32 >> ModBus_M-接收數值 錯誤 失敗
2020/1/3 下午 03:28:37 >> GC-讀取檔案 失敗
2020/1/3 下午 03:28:37 >> GC-讀取檔案 失敗
2020/1/3 下午 03:32:21 >> GC-讀取檔案 失敗
2020/1/3 下午 03:32:21 >> GC-讀取檔案 失敗
2020/1/3 下午 03:32:31 >> ModBus_M-接收數值 錯誤 失敗
2020/1/3 下午 03:32:36 >> GC-讀取檔案 失敗
2020/1/3 下午 03:32:36 >> GC-讀取檔案 失敗
2020/1/3 下午 03:33:24 >> GC-讀取檔案 失敗
2020/1/3 下午 03:33:24 >> GC-讀取檔案 失敗
2020/1/3 下午 03:33:31 >> ModBus_M-連接ModBus錯誤 失敗
2020/1/3 下午 03:33:31 >> Serailport-開啟ComPort [COM3] 失敗
2020/1/3 下午 03:33:31 >> ModBus_S-連接ModBus錯誤 失敗
2020/1/3 下午 03:33:31 >> Serailport-開啟ComPort [COM7] 失敗
2020/1/3 下午 03:33:31 >> GC-讀取檔案 失敗
2020/1/3 下午 03:33:31 >> GC-讀取檔案 失敗
2020/1/3 下午 03:33:31 >> Serailport-傳送失敗訊息失敗
2020/1/3 下午 03:33:34 >> ModBus_M-接收數值 錯誤 失敗
2020/1/3 下午 03:33:36 >> Serailport-傳送失敗訊息失敗
2020/1/3 下午 03:33:36 >> GC-讀取檔案 失敗
2020/1/3 下午 03:33:36 >> GC-讀取檔案 失敗
2020/1/3 下午 03:33:39 >> GC-讀取檔案 失敗
2020/1/3 下午 03:33:39 >> GC-讀取檔案 失敗
2020/1/3 下午 03:33:44 >> GC-讀取檔案 失敗
2020/1/3 下午 03:33:44 >> GC-讀取檔案 失敗
2020/1/3 下午 03:33:49 >> GC-讀取檔案 失敗
2020/1/3 下午 03:33:49 >> GC-讀取檔案 失敗
2020/1/3 下午 03:33:54 >> GC-讀取檔案 失敗
2020/1/3 下午 03:33:54 >> GC-讀取檔案 失敗
2020/1/3 下午 03:33:59 >> GC-讀取檔案 失敗
2020/1/3 下午 03:33:59 >> GC-讀取檔案 失敗
2020/1/3 下午 03:34:04 >> GC-讀取檔案 失敗
2020/1/3 下午 03:34:04 >> GC-讀取檔案 失敗
2020/1/3 下午 03:34:14 >> ModBus_M-接收數值 錯誤 失敗
2020/1/3 下午 03:34:14 >> GC-讀取檔案 失敗
2020/1/3 下午 03:34:14 >> GC-讀取檔案 失敗
2020/1/3 下午 03:34:14 >> GC-讀取檔案 失敗
2020/1/3 下午 03:34:14 >> GC-讀取檔案 失敗
2020/1/3 下午 03:34:19 >> GC-讀取檔案 失敗
2020/1/3 下午 03:34:19 >> GC-讀取檔案 失敗
2020/1/3 下午 03:34:24 >> GC-讀取檔案 失敗
2020/1/3 下午 03:34:24 >> GC-讀取檔案 失敗
2020/1/3 下午 03:34:29 >> GC-讀取檔案 失敗
2020/1/3 下午 03:34:29 >> GC-讀取檔案 失敗
2020/1/3 下午 03:34:34 >> GC-讀取檔案 失敗
2020/1/3 下午 03:34:34 >> GC-讀取檔案 失敗
2020/1/3 下午 03:34:44 >> ModBus_M-接收數值 錯誤 失敗
2020/1/3 下午 03:34:44 >> GC-讀取檔案 失敗
2020/1/3 下午 03:34:44 >> GC-讀取檔案 失敗
2020/1/3 下午 03:34:44 >> GC-讀取檔案 失敗
2020/1/3 下午 03:34:44 >> GC-讀取檔案 失敗
2020/1/3 下午 03:34:49 >> GC-讀取檔案 失敗
2020/1/3 下午 03:34:49 >> GC-讀取檔案 失敗
2020/1/3 下午 03:34:54 >> GC-讀取檔案 失敗
2020/1/3 下午 03:34:54 >> GC-讀取檔案 失敗
2020/1/3 下午 03:34:59 >> GC-讀取檔案 失敗
2020/1/3 下午 03:34:59 >> GC-讀取檔案 失敗
2020/1/3 下午 03:35:04 >> GC-讀取檔案 失敗
2020/1/3 下午 03:35:04 >> GC-讀取檔案 失敗
2020/1/3 下午 03:35:14 >> ModBus_M-接收數值 錯誤 失敗
2020/1/3 下午 03:35:14 >> GC-讀取檔案 失敗
2020/1/3 下午 03:35:14 >> GC-讀取檔案 失敗
2020/1/3 下午 03:35:14 >> GC-讀取檔案 失敗
2020/1/3 下午 03:35:14 >> GC-讀取檔案 失敗
2020/1/3 下午 03:35:19 >> GC-讀取檔案 失敗
2020/1/3 下午 03:35:19 >> GC-讀取檔案 失敗
2020/1/3 下午 03:35:24 >> GC-讀取檔案 失敗
2020/1/3 下午 03:35:24 >> GC-讀取檔案 失敗
2020/1/3 下午 03:35:29 >> GC-讀取檔案 失敗
2020/1/3 下午 03:35:29 >> GC-讀取檔案 失敗
2020/1/3 下午 03:35:34 >> GC-讀取檔案 失敗
2020/1/3 下午 03:35:34 >> GC-讀取檔案 失敗
2020/1/3 下午 03:35:44 >> ModBus_M-接收數值 錯誤 失敗
2020/1/3 下午 03:35:44 >> GC-讀取檔案 失敗
2020/1/3 下午 03:35:44 >> GC-讀取檔案 失敗
2020/1/3 下午 03:35:44 >> GC-讀取檔案 失敗
2020/1/3 下午 03:35:44 >> GC-讀取檔案 失敗
2020/1/3 下午 03:36:10 >> GC-讀取檔案 失敗
2020/1/3 下午 03:36:10 >> GC-讀取檔案 失敗
2020/1/3 下午 03:36:16 >> ModBus_M-連接ModBus錯誤 失敗
2020/1/3 下午 03:36:16 >> Serailport-開啟ComPort [COM3] 失敗
2020/1/3 下午 03:36:16 >> ModBus_S-連接ModBus錯誤 失敗
2020/1/3 下午 03:36:16 >> Serailport-開啟ComPort [COM7] 失敗
2020/1/3 下午 03:36:16 >> GC-讀取檔案 失敗
2020/1/3 下午 03:36:16 >> GC-讀取檔案 失敗
2020/1/3 下午 03:36:16 >> Serailport-傳送失敗訊息失敗
2020/1/3 下午 03:36:20 >> ModBus_M-接收數值 錯誤 失敗
2020/1/3 下午 03:36:21 >> Serailport-傳送失敗訊息失敗
2020/1/3 下午 03:36:21 >> GC-讀取檔案 失敗
2020/1/3 下午 03:36:21 >> GC-讀取檔案 失敗
2020/1/3 下午 03:36:25 >> GC-讀取檔案 失敗
2020/1/3 下午 03:36:25 >> GC-讀取檔案 失敗
2020/1/3 下午 03:36:30 >> GC-讀取檔案 失敗
2020/1/3 下午 03:36:30 >> GC-讀取檔案 失敗
2020/1/3 下午 03:36:35 >> GC-讀取檔案 失敗
2020/1/3 下午 03:36:35 >> GC-讀取檔案 失敗
2020/1/3 下午 03:36:40 >> GC-讀取檔案 失敗
2020/1/3 下午 03:36:40 >> GC-讀取檔案 失敗
2020/1/3 下午 03:36:45 >> GC-讀取檔案 失敗
2020/1/3 下午 03:36:45 >> GC-讀取檔案 失敗
2020/1/3 下午 03:36:50 >> GC-讀取檔案 失敗
2020/1/3 下午 03:36:50 >> GC-讀取檔案 失敗
2020/1/3 下午 03:37:00 >> ModBus_M-接收數值 錯誤 失敗
2020/1/3 下午 03:37:00 >> GC-讀取檔案 失敗
2020/1/3 下午 03:37:00 >> GC-讀取檔案 失敗
2020/1/3 下午 03:37:00 >> GC-讀取檔案 失敗
2020/1/3 下午 03:37:00 >> GC-讀取檔案 失敗
2020/1/3 下午 03:37:05 >> GC-讀取檔案 失敗
2020/1/3 下午 03:37:05 >> GC-讀取檔案 失敗
2020/1/3 下午 03:37:10 >> GC-讀取檔案 失敗
2020/1/3 下午 03:37:10 >> GC-讀取檔案 失敗
2020/1/3 下午 03:37:15 >> GC-讀取檔案 失敗
2020/1/3 下午 03:37:15 >> GC-讀取檔案 失敗
2020/1/3 下午 03:37:20 >> GC-讀取檔案 失敗
2020/1/3 下午 03:37:20 >> GC-讀取檔案 失敗
2020/1/3 下午 03:37:30 >> ModBus_M-接收數值 錯誤 失敗
2020/1/3 下午 03:37:30 >> GC-讀取檔案 失敗
2020/1/3 下午 03:37:30 >> GC-讀取檔案 失敗
2020/1/3 下午 03:37:30 >> GC-讀取檔案 失敗
2020/1/3 下午 03:37:30 >> GC-讀取檔案 失敗
2020/1/3 下午 05:14:53 >> GC-讀取檔案 失敗
2020/1/3 下午 05:14:53 >> GC-讀取檔案 失敗
2020/1/3 下午 05:15:04 >> ModBus_M-接收數值 錯誤 失敗
2020/1/3 下午 05:17:39 >> GC-讀取檔案 失敗
2020/1/3 下午 05:17:39 >> GC-讀取檔案 失敗
2020/1/3 下午 05:17:49 >> ModBus_M-接收數值 錯誤 失敗
2020/1/3 下午 05:17:57 >> GC-讀取檔案 失敗
2020/1/3 下午 05:17:57 >> GC-讀取檔案 失敗
2020/1/3 下午 05:24:30 >> GC-讀取檔案 失敗
2020/1/3 下午 05:24:30 >> GC-讀取檔案 失敗
2020/1/3 下午 05:24:40 >> ModBus_M-接收數值 錯誤 失敗
2020/1/3 下午 05:24:45 >> GC-讀取檔案 失敗
2020/1/3 下午 05:24:45 >> GC-讀取檔案 失敗
2020/1/3 下午 05:24:50 >> GC-讀取檔案 失敗
2020/1/3 下午 05:24:50 >> GC-讀取檔案 失敗
2020/1/3 下午 08:30:00 >> Serailport-開啟ComPort [COM7] 失敗
2020/1/3 下午 08:30:00 >> GC-讀取檔案 失敗
2020/1/3 下午 08:30:00 >> GC-讀取檔案 失敗
2020/1/3 下午 08:30:10 >> ModBus_M-接收數值 錯誤 失敗
2020/1/3 下午 08:30:10 >> 該時段無資料
2020/1/3 下午 08:30:10 >> 該時段無資料
2020/1/3 下午 08:30:10 >> 該時段無資料
2020/1/3 下午 08:30:10 >> 該時段無資料
2020/1/3 下午 08:30:10 >> 該時段無資料
2020/1/3 下午 08:30:10 >> 該時段無資料
2020/1/3 下午 08:30:10 >> 該時段無資料
2020/1/3 下午 08:30:10 >> 該時段無資料
2020/1/3 下午 08:30:10 >> 該時段無資料
2020/1/3 下午 08:30:10 >> 該時段無資料
2020/1/3 下午 08:30:10 >> 該時段無資料
2020/1/3 下午 08:30:10 >> 該時段無資料
2020/1/3 下午 08:30:11 >> 該時段無資料
2020/1/3 下午 08:30:11 >> 該時段無資料
2020/1/3 下午 08:30:11 >> 該時段無資料
2020/1/3 下午 08:30:11 >> 該時段無資料
2020/1/3 下午 08:30:11 >> 該時段無資料
2020/1/3 下午 08:30:11 >> 該時段無資料
2020/1/3 下午 08:30:11 >> 該時段無資料
2020/1/3 下午 08:30:11 >> 該時段無資料
2020/1/3 下午 08:30:11 >> 該時段無資料
2020/1/3 下午 08:30:11 >> 該時段無資料
2020/1/3 下午 08:30:16 >> GC-讀取檔案 失敗
2020/1/3 下午 08:30:16 >> GC-讀取檔案 失敗
2020/1/3 下午 08:30:21 >> GC-讀取檔案 失敗
2020/1/3 下午 08:30:21 >> GC-讀取檔案 失敗
2020/1/3 下午 08:30:26 >> GC-讀取檔案 失敗
2020/1/3 下午 08:30:26 >> GC-讀取檔案 失敗
2020/1/3 下午 08:30:31 >> GC-讀取檔案 失敗
2020/1/3 下午 08:30:31 >> GC-讀取檔案 失敗
2020/1/3 下午 08:30:36 >> GC-讀取檔案 失敗
2020/1/3 下午 08:30:36 >> GC-讀取檔案 失敗
2020/1/3 下午 08:30:41 >> GC-讀取檔案 失敗
2020/1/3 下午 08:30:41 >> GC-讀取檔案 失敗
2020/1/3 下午 08:30:51 >> ModBus_M-接收數值 錯誤 失敗
2020/1/3 下午 08:30:51 >> GC-讀取檔案 失敗
2020/1/3 下午 08:30:51 >> GC-讀取檔案 失敗
2020/1/3 下午 08:30:51 >> GC-讀取檔案 失敗
2020/1/3 下午 08:30:51 >> GC-讀取檔案 失敗
